{
  "stats": {
    "suites": 6,
    "tests": 6,
    "passes": 6,
    "pending": 0,
    "failures": 0,
    "testsRegistered": 6,
    "passPercent": 100,
    "pendingPercent": 0,
    "other": 0,
    "hasOther": false,
    "skipped": 0,
    "hasSkipped": false,
    "start": "2023-07-06T18:17:13.106Z",
    "end": "2023-07-06T18:26:35.911Z",
    "duration": 562805
  },
  "results": [
    {
      "uuid": "9e3af244-d182-4b74-97d2-b19192775cfd",
      "title": "",
      "fullFile": "cypress/e2e/checkout.cy.js",
      "file": "cypress/e2e/checkout.cy.js",
      "beforeHooks": [],
      "afterHooks": [],
      "tests": [],
      "suites": [
        {
          "uuid": "50543dae-7a9c-4ce2-867d-e5d58802d15f",
          "title": "Checkout",
          "fullFile": "",
          "file": "",
          "beforeHooks": [],
          "afterHooks": [],
          "tests": [
            {
              "title": "Deve fazer checkout com sucesso ",
              "fullTitle": "Checkout Deve fazer checkout com sucesso ",
              "timedOut": null,
              "duration": 5505,
              "state": "passed",
              "speed": "medium",
              "pass": true,
              "fail": false,
              "pending": false,
              "context": null,
              "code": "cy.get('.woocommerce-message').should('contain', `${produtos[1].quantidade} × “Ingrid Running Jacket” foram adicionados no seu carrinho.`);",
              "err": {},
              "uuid": "ff2797bf-af0f-492a-9206-64db65881265",
              "parentUUID": "50543dae-7a9c-4ce2-867d-e5d58802d15f",
              "isHook": false,
              "skipped": false
            }
          ],
          "suites": [],
          "passes": [
            "ff2797bf-af0f-492a-9206-64db65881265"
          ],
          "failures": [],
          "pending": [],
          "skipped": [],
          "duration": 5505,
          "root": false,
          "rootEmpty": false,
          "_timeout": 2000
        }
      ],
      "passes": [],
      "failures": [],
      "pending": [],
      "skipped": [],
      "duration": 0,
      "root": true,
      "rootEmpty": true,
      "_timeout": 2000
    },
    {
      "uuid": "ee82e139-a4d8-41f3-87f1-460626f90443",
      "title": "",
      "fullFile": "cypress/e2e/intercept.cy.js",
      "file": "cypress/e2e/intercept.cy.js",
      "beforeHooks": [],
      "afterHooks": [],
      "tests": [],
      "suites": [
        {
          "uuid": "d16f0f4b-c248-4423-bece-d41d6c190b74",
          "title": "Carrinho",
          "fullFile": "",
          "file": "",
          "beforeHooks": [],
          "afterHooks": [],
          "tests": [
            {
              "title": "Deve adicionar um produto com sucesso",
              "fullTitle": "Carrinho Deve adicionar um produto com sucesso",
              "timedOut": null,
              "duration": 11898,
              "state": "passed",
              "speed": "slow",
              "pass": true,
              "fail": false,
              "pending": false,
              "context": null,
              "code": "cy.intercept('POST', '/product/augusta-pullover-jacket', {\n  fixture: 'resposta.html'\n}).as('novo-produto');\ncy.get('[class=\"product-block grid\"]').contains(produtos[0].nome).click();\ncy.get('.button-variable-item-' + produtos[0].tamanho).click();\ncy.get('.button-variable-item-' + produtos[0].cor).click();\ncy.get('.input-text').clear().type(produtos[0].quantidade);\ncy.get('.single_add_to_cart_button').click();\ncy.wait('@novo-produto').then(resp => {\n  expect(resp.response.statusCode).to.equal(200);\n});",
              "err": {},
              "uuid": "616073de-42fc-4f2e-a290-972cf2bd3718",
              "parentUUID": "d16f0f4b-c248-4423-bece-d41d6c190b74",
              "isHook": false,
              "skipped": false
            }
          ],
          "suites": [],
          "passes": [
            "616073de-42fc-4f2e-a290-972cf2bd3718"
          ],
          "failures": [],
          "pending": [],
          "skipped": [],
          "duration": 11898,
          "root": false,
          "rootEmpty": false,
          "_timeout": 2000
        }
      ],
      "passes": [],
      "failures": [],
      "pending": [],
      "skipped": [],
      "duration": 0,
      "root": true,
      "rootEmpty": true,
      "_timeout": 2000
    },
    {
      "uuid": "63d70b6b-035b-4b6a-9660-2754ac299951",
      "title": "",
      "fullFile": "cypress/e2e/cadastro.cy.js",
      "file": "cypress/e2e/cadastro.cy.js",
      "beforeHooks": [],
      "afterHooks": [],
      "tests": [],
      "suites": [
        {
          "uuid": "b008df23-16cb-469a-9e41-5295aaba5805",
          "title": "Cadastro ",
          "fullFile": "",
          "file": "",
          "beforeHooks": [],
          "afterHooks": [],
          "tests": [
            {
              "title": "Deve realizar o cadastro, com validações dinamicas na EBAC-Shop ",
              "fullTitle": "Cadastro  Deve realizar o cadastro, com validações dinamicas na EBAC-Shop ",
              "timedOut": null,
              "duration": 14837,
              "state": "passed",
              "speed": "slow",
              "pass": true,
              "fail": false,
              "pending": false,
              "context": null,
              "code": "cy.fixture('dates').then(resp => {\n  resp.date.forEach(item => {\n    cadastroPage.register(item.email, item.password);\n  });\n});\nminhaContaPage.message.should('contain', 'A partir do painel de controle de sua conta');",
              "err": {},
              "uuid": "2224521f-d47d-4e60-8ee9-ed4adcd91c13",
              "parentUUID": "b008df23-16cb-469a-9e41-5295aaba5805",
              "isHook": false,
              "skipped": false
            }
          ],
          "suites": [],
          "passes": [
            "2224521f-d47d-4e60-8ee9-ed4adcd91c13"
          ],
          "failures": [],
          "pending": [],
          "skipped": [],
          "duration": 14837,
          "root": false,
          "rootEmpty": false,
          "_timeout": 2000
        }
      ],
      "passes": [],
      "failures": [],
      "pending": [],
      "skipped": [],
      "duration": 0,
      "root": true,
      "rootEmpty": true,
      "_timeout": 2000
    },
    {
      "uuid": "4c177df9-716f-4e73-8f1d-bc1fbb417aa2",
      "title": "",
      "fullFile": "cypress/e2e/checkout.cy.js",
      "file": "cypress/e2e/checkout.cy.js",
      "beforeHooks": [],
      "afterHooks": [],
      "tests": [],
      "suites": [
        {
          "uuid": "0e47604b-6b1a-4da3-8b74-6148ce74cafc",
          "title": "Checkout",
          "fullFile": "",
          "file": "",
          "beforeHooks": [],
          "afterHooks": [],
          "tests": [
            {
              "title": "Deve fazer checkout com sucesso ",
              "fullTitle": "Checkout Deve fazer checkout com sucesso ",
              "timedOut": null,
              "duration": 6499,
              "state": "passed",
              "speed": "medium",
              "pass": true,
              "fail": false,
              "pending": false,
              "context": null,
              "code": "cy.get('.woocommerce-message').should('contain', `${produtos[1].quantidade} × “Ingrid Running Jacket” foram adicionados no seu carrinho.`);",
              "err": {},
              "uuid": "9a2d2865-1930-49b2-b1d3-36a85b2d9a9b",
              "parentUUID": "0e47604b-6b1a-4da3-8b74-6148ce74cafc",
              "isHook": false,
              "skipped": false
            }
          ],
          "suites": [],
          "passes": [
            "9a2d2865-1930-49b2-b1d3-36a85b2d9a9b"
          ],
          "failures": [],
          "pending": [],
          "skipped": [],
          "duration": 6499,
          "root": false,
          "rootEmpty": false,
          "_timeout": 2000
        }
      ],
      "passes": [],
      "failures": [],
      "pending": [],
      "skipped": [],
      "duration": 0,
      "root": true,
      "rootEmpty": true,
      "_timeout": 2000
    },
    {
      "uuid": "d2b8c03e-381d-4dcc-b7f9-087ab25ce12c",
      "title": "",
      "fullFile": "cypress/e2e/intercept.cy.js",
      "file": "cypress/e2e/intercept.cy.js",
      "beforeHooks": [],
      "afterHooks": [],
      "tests": [],
      "suites": [
        {
          "uuid": "eea23054-d723-4367-afd1-9d701f7cbd11",
          "title": "Carrinho",
          "fullFile": "",
          "file": "",
          "beforeHooks": [],
          "afterHooks": [],
          "tests": [
            {
              "title": "Deve adicionar um produto com sucesso",
              "fullTitle": "Carrinho Deve adicionar um produto com sucesso",
              "timedOut": null,
              "duration": 10890,
              "state": "passed",
              "speed": "slow",
              "pass": true,
              "fail": false,
              "pending": false,
              "context": null,
              "code": "cy.intercept('POST', '/product/augusta-pullover-jacket', {\n  fixture: 'resposta.html'\n}).as('novo-produto');\ncy.get('[class=\"product-block grid\"]').contains(produtos[0].nome).click();\ncy.get('.button-variable-item-' + produtos[0].tamanho).click();\ncy.get('.button-variable-item-' + produtos[0].cor).click();\ncy.get('.input-text').clear().type(produtos[0].quantidade);\ncy.get('.single_add_to_cart_button').click();\ncy.wait('@novo-produto').then(resp => {\n  expect(resp.response.statusCode).to.equal(200);\n});",
              "err": {},
              "uuid": "0cdaed35-a4e7-4916-a0a1-d5e1e2b479af",
              "parentUUID": "eea23054-d723-4367-afd1-9d701f7cbd11",
              "isHook": false,
              "skipped": false
            }
          ],
          "suites": [],
          "passes": [
            "0cdaed35-a4e7-4916-a0a1-d5e1e2b479af"
          ],
          "failures": [],
          "pending": [],
          "skipped": [],
          "duration": 10890,
          "root": false,
          "rootEmpty": false,
          "_timeout": 2000
        }
      ],
      "passes": [],
      "failures": [],
      "pending": [],
      "skipped": [],
      "duration": 0,
      "root": true,
      "rootEmpty": true,
      "_timeout": 2000
    },
    {
      "uuid": "c75d5f95-113f-4420-b3f5-7428a12b694c",
      "title": "",
      "fullFile": "cypress/e2e/cadastro.cy.js",
      "file": "cypress/e2e/cadastro.cy.js",
      "beforeHooks": [],
      "afterHooks": [],
      "tests": [],
      "suites": [
        {
          "uuid": "f52f92ad-2e07-47d9-809f-ca5f20f4eecf",
          "title": "Cadastro ",
          "fullFile": "",
          "file": "",
          "beforeHooks": [],
          "afterHooks": [],
          "tests": [
            {
              "title": "Deve realizar o cadastro, com validações dinamicas na EBAC-Shop ",
              "fullTitle": "Cadastro  Deve realizar o cadastro, com validações dinamicas na EBAC-Shop ",
              "timedOut": null,
              "duration": 11987,
              "state": "passed",
              "speed": "slow",
              "pass": true,
              "fail": false,
              "pending": false,
              "context": null,
              "code": "cy.fixture('dates').then(resp => {\n  resp.date.forEach(item => {\n    cadastroPage.register(item.email, item.password);\n  });\n});\nminhaContaPage.message.should('contain', 'A partir do painel de controle de sua conta');",
              "err": {},
              "uuid": "e96a64c7-eefd-44bf-a2bb-f1467a4a54a9",
              "parentUUID": "f52f92ad-2e07-47d9-809f-ca5f20f4eecf",
              "isHook": false,
              "skipped": false
            }
          ],
          "suites": [],
          "passes": [
            "e96a64c7-eefd-44bf-a2bb-f1467a4a54a9"
          ],
          "failures": [],
          "pending": [],
          "skipped": [],
          "duration": 11987,
          "root": false,
          "rootEmpty": false,
          "_timeout": 2000
        }
      ],
      "passes": [],
      "failures": [],
      "pending": [],
      "skipped": [],
      "duration": 0,
      "root": true,
      "rootEmpty": true,
      "_timeout": 2000
    }
  ],
  "meta": {
    "mocha": {
      "version": "7.0.1"
    },
    "mochawesome": {
      "options": {
        "quiet": false,
        "reportFilename": "index.html",
        "saveHtml": false,
        "saveJson": true,
        "consoleReporter": "spec",
        "useInlineDiffs": false,
        "code": true
      },
      "version": "7.1.3"
    },
    "marge": {
      "options": {
        "reportDir": "cypress/results/",
        "overwrite": false,
        "reportFilename": "index.html",
        "html": false,
        "json": true
      },
      "version": "6.2.0"
    }
  }
}