{
  "stats": {
    "suites": 1,
    "tests": 1,
    "passes": 1,
    "pending": 0,
    "failures": 0,
    "start": "2023-07-06T18:26:08.922Z",
    "end": "2023-07-06T18:26:14.539Z",
    "duration": 5617,
    "testsRegistered": 1,
    "passPercent": 100,
    "pendingPercent": 0,
    "other": 0,
    "hasOther": false,
    "skipped": 0,
    "hasSkipped": false
  },
  "results": [
    {
      "uuid": "9e3af244-d182-4b74-97d2-b19192775cfd",
      "title": "",
      "fullFile": "cypress/e2e/checkout.cy.js",
      "file": "cypress/e2e/checkout.cy.js",
      "beforeHooks": [],
      "afterHooks": [],
      "tests": [],
      "suites": [
        {
          "uuid": "50543dae-7a9c-4ce2-867d-e5d58802d15f",
          "title": "Checkout",
          "fullFile": "",
          "file": "",
          "beforeHooks": [],
          "afterHooks": [],
          "tests": [
            {
              "title": "Deve fazer checkout com sucesso ",
              "fullTitle": "Checkout Deve fazer checkout com sucesso ",
              "timedOut": null,
              "duration": 5505,
              "state": "passed",
              "speed": "medium",
              "pass": true,
              "fail": false,
              "pending": false,
              "context": null,
              "code": "cy.get('.woocommerce-message').should('contain', `${produtos[1].quantidade} × “Ingrid Running Jacket” foram adicionados no seu carrinho.`);",
              "err": {},
              "uuid": "ff2797bf-af0f-492a-9206-64db65881265",
              "parentUUID": "50543dae-7a9c-4ce2-867d-e5d58802d15f",
              "isHook": false,
              "skipped": false
            }
          ],
          "suites": [],
          "passes": [
            "ff2797bf-af0f-492a-9206-64db65881265"
          ],
          "failures": [],
          "pending": [],
          "skipped": [],
          "duration": 5505,
          "root": false,
          "rootEmpty": false,
          "_timeout": 2000
        }
      ],
      "passes": [],
      "failures": [],
      "pending": [],
      "skipped": [],
      "duration": 0,
      "root": true,
      "rootEmpty": true,
      "_timeout": 2000
    }
  ],
  "meta": {
    "mocha": {
      "version": "7.0.1"
    },
    "mochawesome": {
      "options": {
        "quiet": false,
        "reportFilename": "index.html",
        "saveHtml": false,
        "saveJson": true,
        "consoleReporter": "spec",
        "useInlineDiffs": false,
        "code": true
      },
      "version": "7.1.3"
    },
    "marge": {
      "options": {
        "reportDir": "cypress/results/",
        "overwrite": false,
        "reportFilename": "index.html",
        "html": false,
        "json": true
      },
      "version": "6.2.0"
    }
  }
}