{
  "stats": {
    "suites": 1,
    "tests": 1,
    "passes": 1,
    "pending": 0,
    "failures": 0,
    "start": "2023-07-06T18:25:39.577Z",
    "end": "2023-07-06T18:25:54.654Z",
    "duration": 15077,
    "testsRegistered": 1,
    "passPercent": 100,
    "pendingPercent": 0,
    "other": 0,
    "hasOther": false,
    "skipped": 0,
    "hasSkipped": false
  },
  "results": [
    {
      "uuid": "63d70b6b-035b-4b6a-9660-2754ac299951",
      "title": "",
      "fullFile": "cypress/e2e/cadastro.cy.js",
      "file": "cypress/e2e/cadastro.cy.js",
      "beforeHooks": [],
      "afterHooks": [],
      "tests": [],
      "suites": [
        {
          "uuid": "b008df23-16cb-469a-9e41-5295aaba5805",
          "title": "Cadastro ",
          "fullFile": "",
          "file": "",
          "beforeHooks": [],
          "afterHooks": [],
          "tests": [
            {
              "title": "Deve realizar o cadastro, com validações dinamicas na EBAC-Shop ",
              "fullTitle": "Cadastro  Deve realizar o cadastro, com validações dinamicas na EBAC-Shop ",
              "timedOut": null,
              "duration": 14837,
              "state": "passed",
              "speed": "slow",
              "pass": true,
              "fail": false,
              "pending": false,
              "context": null,
              "code": "cy.fixture('dates').then(resp => {\n  resp.date.forEach(item => {\n    cadastroPage.register(item.email, item.password);\n  });\n});\nminhaContaPage.message.should('contain', 'A partir do painel de controle de sua conta');",
              "err": {},
              "uuid": "2224521f-d47d-4e60-8ee9-ed4adcd91c13",
              "parentUUID": "b008df23-16cb-469a-9e41-5295aaba5805",
              "isHook": false,
              "skipped": false
            }
          ],
          "suites": [],
          "passes": [
            "2224521f-d47d-4e60-8ee9-ed4adcd91c13"
          ],
          "failures": [],
          "pending": [],
          "skipped": [],
          "duration": 14837,
          "root": false,
          "rootEmpty": false,
          "_timeout": 2000
        }
      ],
      "passes": [],
      "failures": [],
      "pending": [],
      "skipped": [],
      "duration": 0,
      "root": true,
      "rootEmpty": true,
      "_timeout": 2000
    }
  ],
  "meta": {
    "mocha": {
      "version": "7.0.1"
    },
    "mochawesome": {
      "options": {
        "quiet": false,
        "reportFilename": "index.html",
        "saveHtml": false,
        "saveJson": true,
        "consoleReporter": "spec",
        "useInlineDiffs": false,
        "code": true
      },
      "version": "7.1.3"
    },
    "marge": {
      "options": {
        "reportDir": "cypress/results/",
        "overwrite": false,
        "reportFilename": "index.html",
        "html": false,
        "json": true
      },
      "version": "6.2.0"
    }
  }
}