{
  "stats": {
    "suites": 1,
    "tests": 1,
    "passes": 1,
    "pending": 0,
    "failures": 0,
    "start": "2023-07-06T13:59:18.563Z",
    "end": "2023-07-06T13:59:29.159Z",
    "duration": 10596,
    "testsRegistered": 1,
    "passPercent": 100,
    "pendingPercent": 0,
    "other": 0,
    "hasOther": false,
    "skipped": 0,
    "hasSkipped": false
  },
  "results": [
    {
      "uuid": "b283e888-63d4-42da-a1dd-6c015825c5e1",
      "title": "",
      "fullFile": "cypress/e2e/intercept.cy.js",
      "file": "cypress/e2e/intercept.cy.js",
      "beforeHooks": [],
      "afterHooks": [],
      "tests": [],
      "suites": [
        {
          "uuid": "993ab105-a431-4334-bfd5-e3e56952627b",
          "title": "Carrinho",
          "fullFile": "",
          "file": "",
          "beforeHooks": [],
          "afterHooks": [],
          "tests": [
            {
              "title": "Deve adicionar um produto com sucesso",
              "fullTitle": "Carrinho Deve adicionar um produto com sucesso",
              "timedOut": null,
              "duration": 10361,
              "state": "passed",
              "speed": "slow",
              "pass": true,
              "fail": false,
              "pending": false,
              "context": null,
              "code": "cy.intercept('POST', '/product/augusta-pullover-jacket', {\n  fixture: 'resposta.html'\n}).as('novo-produto');\ncy.get('[class=\"product-block grid\"]').contains(produtos[0].nome).click();\ncy.get('.button-variable-item-' + produtos[0].tamanho).click();\ncy.get('.button-variable-item-' + produtos[0].cor).click();\ncy.get('.input-text').clear().type(produtos[0].quantidade);\ncy.get('.single_add_to_cart_button').click();\ncy.wait('@novo-produto').then(resp => {\n  expect(resp.response.statusCode).to.equal(200);\n});",
              "err": {},
              "uuid": "cc35c4de-8432-400d-8200-cbfb977d2d86",
              "parentUUID": "993ab105-a431-4334-bfd5-e3e56952627b",
              "isHook": false,
              "skipped": false
            }
          ],
          "suites": [],
          "passes": [
            "cc35c4de-8432-400d-8200-cbfb977d2d86"
          ],
          "failures": [],
          "pending": [],
          "skipped": [],
          "duration": 10361,
          "root": false,
          "rootEmpty": false,
          "_timeout": 2000
        }
      ],
      "passes": [],
      "failures": [],
      "pending": [],
      "skipped": [],
      "duration": 0,
      "root": true,
      "rootEmpty": true,
      "_timeout": 2000
    }
  ],
  "meta": {
    "mocha": {
      "version": "7.0.1"
    },
    "mochawesome": {
      "options": {
        "quiet": false,
        "reportFilename": "mochawesome",
        "saveHtml": false,
        "saveJson": true,
        "consoleReporter": "spec",
        "useInlineDiffs": false,
        "code": true
      },
      "version": "7.1.3"
    },
    "marge": {
      "options": {
        "reportDir": "cypress/results",
        "overwrite": false,
        "html": false,
        "json": true
      },
      "version": "6.2.0"
    }
  }
}