{
  "stats": {
    "suites": 1,
    "tests": 1,
    "passes": 1,
    "pending": 0,
    "failures": 0,
    "start": "2023-05-04T11:41:36.048Z",
    "end": "2023-05-04T11:41:42.267Z",
    "duration": 6219,
    "testsRegistered": 1,
    "passPercent": 100,
    "pendingPercent": 0,
    "other": 0,
    "hasOther": false,
    "skipped": 0,
    "hasSkipped": false
  },
  "results": [
    {
      "uuid": "5d9e7de4-b89a-42be-b850-bc44660a0819",
      "title": "",
      "fullFile": "cypress/e2e/checkout.cy.js",
      "file": "cypress/e2e/checkout.cy.js",
      "beforeHooks": [],
      "afterHooks": [],
      "tests": [],
      "suites": [
        {
          "uuid": "6d19a4a6-175b-44de-aeb3-f5b3f56cffe5",
          "title": "Checkout",
          "fullFile": "",
          "file": "",
          "beforeHooks": [],
          "afterHooks": [],
          "tests": [
            {
              "title": "Deve fazer checkout com sucesso ",
              "fullTitle": "Checkout Deve fazer checkout com sucesso ",
              "timedOut": null,
              "duration": 6072,
              "state": "passed",
              "speed": "medium",
              "pass": true,
              "fail": false,
              "pending": false,
              "context": null,
              "code": "cy.get('.woocommerce-message').should('contain', `${produtos[1].quantidade} × “Ingrid Running Jacket” foram adicionados no seu carrinho.`);",
              "err": {},
              "uuid": "b5a036ac-ed36-4e42-9a5b-2857a36a9966",
              "parentUUID": "6d19a4a6-175b-44de-aeb3-f5b3f56cffe5",
              "isHook": false,
              "skipped": false
            }
          ],
          "suites": [],
          "passes": [
            "b5a036ac-ed36-4e42-9a5b-2857a36a9966"
          ],
          "failures": [],
          "pending": [],
          "skipped": [],
          "duration": 6072,
          "root": false,
          "rootEmpty": false,
          "_timeout": 2000
        }
      ],
      "passes": [],
      "failures": [],
      "pending": [],
      "skipped": [],
      "duration": 0,
      "root": true,
      "rootEmpty": true,
      "_timeout": 2000
    }
  ],
  "meta": {
    "mocha": {
      "version": "7.0.1"
    },
    "mochawesome": {
      "options": {
        "quiet": false,
        "reportFilename": "mochawesome",
        "saveHtml": false,
        "saveJson": true,
        "consoleReporter": "spec",
        "useInlineDiffs": false,
        "code": true
      },
      "version": "7.1.3"
    },
    "marge": {
      "options": {
        "reportDir": "cypress/results",
        "overwrite": false,
        "html": false,
        "json": true
      },
      "version": "6.2.0"
    }
  }
}