{
  "stats": {
    "suites": 1,
    "tests": 1,
    "passes": 1,
    "pending": 0,
    "failures": 0,
    "start": "2023-05-04T11:41:12.163Z",
    "end": "2023-05-04T11:41:23.487Z",
    "duration": 11324,
    "testsRegistered": 1,
    "passPercent": 100,
    "pendingPercent": 0,
    "other": 0,
    "hasOther": false,
    "skipped": 0,
    "hasSkipped": false
  },
  "results": [
    {
      "uuid": "bb7c1208-865a-4b1b-be63-eb4c7569a155",
      "title": "",
      "fullFile": "cypress/e2e/cadastro.cy.js",
      "file": "cypress/e2e/cadastro.cy.js",
      "beforeHooks": [],
      "afterHooks": [],
      "tests": [],
      "suites": [
        {
          "uuid": "d9b4ac48-d671-4f56-b18f-d2fca9e0354c",
          "title": "Cadastro ",
          "fullFile": "",
          "file": "",
          "beforeHooks": [],
          "afterHooks": [],
          "tests": [
            {
              "title": "Deve realizar o cadastro, com validações dinamicas na EBAC-Shop ",
              "fullTitle": "Cadastro  Deve realizar o cadastro, com validações dinamicas na EBAC-Shop ",
              "timedOut": null,
              "duration": 11162,
              "state": "passed",
              "speed": "slow",
              "pass": true,
              "fail": false,
              "pending": false,
              "context": null,
              "code": "cy.fixture('dates').then(resp => {\n  resp.date.forEach(item => {\n    cadastroPage.register(item.email, item.password);\n  });\n});\nminhaContaPage.message.should('contain', 'A partir do painel de controle de sua conta');",
              "err": {},
              "uuid": "d6e82c1e-1984-47e2-9193-2f1db651b886",
              "parentUUID": "d9b4ac48-d671-4f56-b18f-d2fca9e0354c",
              "isHook": false,
              "skipped": false
            }
          ],
          "suites": [],
          "passes": [
            "d6e82c1e-1984-47e2-9193-2f1db651b886"
          ],
          "failures": [],
          "pending": [],
          "skipped": [],
          "duration": 11162,
          "root": false,
          "rootEmpty": false,
          "_timeout": 2000
        }
      ],
      "passes": [],
      "failures": [],
      "pending": [],
      "skipped": [],
      "duration": 0,
      "root": true,
      "rootEmpty": true,
      "_timeout": 2000
    }
  ],
  "meta": {
    "mocha": {
      "version": "7.0.1"
    },
    "mochawesome": {
      "options": {
        "quiet": false,
        "reportFilename": "mochawesome",
        "saveHtml": false,
        "saveJson": true,
        "consoleReporter": "spec",
        "useInlineDiffs": false,
        "code": true
      },
      "version": "7.1.3"
    },
    "marge": {
      "options": {
        "reportDir": "cypress/results",
        "overwrite": false,
        "html": false,
        "json": true
      },
      "version": "6.2.0"
    }
  }
}