{
  "stats": {
    "suites": 1,
    "tests": 1,
    "passes": 1,
    "pending": 0,
    "failures": 0,
    "start": "2023-07-06T13:58:57.044Z",
    "end": "2023-07-06T13:59:08.891Z",
    "duration": 11847,
    "testsRegistered": 1,
    "passPercent": 100,
    "pendingPercent": 0,
    "other": 0,
    "hasOther": false,
    "skipped": 0,
    "hasSkipped": false
  },
  "results": [
    {
      "uuid": "1770f9c7-c079-4be6-bec3-0aa450e45f41",
      "title": "",
      "fullFile": "cypress/e2e/checkout.cy.js",
      "file": "cypress/e2e/checkout.cy.js",
      "beforeHooks": [],
      "afterHooks": [],
      "tests": [],
      "suites": [
        {
          "uuid": "d7de047d-cd54-45b3-a9d7-a5460f7f9065",
          "title": "Checkout",
          "fullFile": "",
          "file": "",
          "beforeHooks": [],
          "afterHooks": [],
          "tests": [
            {
              "title": "Deve fazer checkout com sucesso ",
              "fullTitle": "Checkout Deve fazer checkout com sucesso ",
              "timedOut": null,
              "duration": 11698,
              "state": "passed",
              "speed": "slow",
              "pass": true,
              "fail": false,
              "pending": false,
              "context": null,
              "code": "cy.get('.woocommerce-message').should('contain', `${produtos[1].quantidade} × “Ingrid Running Jacket” foram adicionados no seu carrinho.`);",
              "err": {},
              "uuid": "ee935e1f-0ab0-4a24-8781-db3aac47c092",
              "parentUUID": "d7de047d-cd54-45b3-a9d7-a5460f7f9065",
              "isHook": false,
              "skipped": false
            }
          ],
          "suites": [],
          "passes": [
            "ee935e1f-0ab0-4a24-8781-db3aac47c092"
          ],
          "failures": [],
          "pending": [],
          "skipped": [],
          "duration": 11698,
          "root": false,
          "rootEmpty": false,
          "_timeout": 2000
        }
      ],
      "passes": [],
      "failures": [],
      "pending": [],
      "skipped": [],
      "duration": 0,
      "root": true,
      "rootEmpty": true,
      "_timeout": 2000
    }
  ],
  "meta": {
    "mocha": {
      "version": "7.0.1"
    },
    "mochawesome": {
      "options": {
        "quiet": false,
        "reportFilename": "mochawesome",
        "saveHtml": false,
        "saveJson": true,
        "consoleReporter": "spec",
        "useInlineDiffs": false,
        "code": true
      },
      "version": "7.1.3"
    },
    "marge": {
      "options": {
        "reportDir": "cypress/results",
        "overwrite": false,
        "html": false,
        "json": true
      },
      "version": "6.2.0"
    }
  }
}