{
  "stats": {
    "suites": 1,
    "tests": 1,
    "passes": 1,
    "pending": 0,
    "failures": 0,
    "start": "2023-07-06T20:14:47.919Z",
    "end": "2023-07-06T20:14:58.686Z",
    "duration": 10767,
    "testsRegistered": 1,
    "passPercent": 100,
    "pendingPercent": 0,
    "other": 0,
    "hasOther": false,
    "skipped": 0,
    "hasSkipped": false
  },
  "results": [
    {
      "uuid": "939efe14-70c5-4f97-89fc-2f462526349b",
      "title": "",
      "fullFile": "cypress/e2e/cadastro.cy.js",
      "file": "cypress/e2e/cadastro.cy.js",
      "beforeHooks": [],
      "afterHooks": [],
      "tests": [],
      "suites": [
        {
          "uuid": "5c2dec48-1d38-4e2d-97f2-00b15ee30e0b",
          "title": "Cadastro ",
          "fullFile": "",
          "file": "",
          "beforeHooks": [],
          "afterHooks": [],
          "tests": [
            {
              "title": "Deve realizar o cadastro, com validações dinamicas na EBAC-Shop ",
              "fullTitle": "Cadastro  Deve realizar o cadastro, com validações dinamicas na EBAC-Shop ",
              "timedOut": null,
              "duration": 10619,
              "state": "passed",
              "speed": "slow",
              "pass": true,
              "fail": false,
              "pending": false,
              "context": null,
              "code": "cy.fixture('dates').then(resp => {\n  resp.date.forEach(item => {\n    cadastroPage.register(item.email, item.password);\n  });\n});\nminhaContaPage.message.should('contain', 'A partir do painel de controle de sua conta');",
              "err": {},
              "uuid": "c23278e1-a70b-4333-bc65-ccad3b49afb3",
              "parentUUID": "5c2dec48-1d38-4e2d-97f2-00b15ee30e0b",
              "isHook": false,
              "skipped": false
            }
          ],
          "suites": [],
          "passes": [
            "c23278e1-a70b-4333-bc65-ccad3b49afb3"
          ],
          "failures": [],
          "pending": [],
          "skipped": [],
          "duration": 10619,
          "root": false,
          "rootEmpty": false,
          "_timeout": 2000
        }
      ],
      "passes": [],
      "failures": [],
      "pending": [],
      "skipped": [],
      "duration": 0,
      "root": true,
      "rootEmpty": true,
      "_timeout": 2000
    }
  ],
  "meta": {
    "mocha": {
      "version": "7.0.1"
    },
    "mochawesome": {
      "options": {
        "quiet": false,
        "reportFilename": "mochawesome",
        "saveHtml": false,
        "saveJson": true,
        "consoleReporter": "spec",
        "useInlineDiffs": false,
        "code": true
      },
      "version": "7.1.3"
    },
    "marge": {
      "options": {
        "reportDir": "cypress/mochawesome-report",
        "overwrite": false,
        "html": false,
        "json": true
      },
      "version": "6.2.0"
    }
  }
}