{
  "stats": {
    "suites": 1,
    "tests": 1,
    "passes": 1,
    "pending": 0,
    "failures": 0,
    "start": "2023-07-06T20:15:10.795Z",
    "end": "2023-07-06T20:15:18.175Z",
    "duration": 7380,
    "testsRegistered": 1,
    "passPercent": 100,
    "pendingPercent": 0,
    "other": 0,
    "hasOther": false,
    "skipped": 0,
    "hasSkipped": false
  },
  "results": [
    {
      "uuid": "f054302b-5b37-4cbd-9c08-643fca792c18",
      "title": "",
      "fullFile": "cypress/e2e/checkout.cy.js",
      "file": "cypress/e2e/checkout.cy.js",
      "beforeHooks": [],
      "afterHooks": [],
      "tests": [],
      "suites": [
        {
          "uuid": "51a2e438-ca59-4c08-b0e4-907c7f716798",
          "title": "Checkout",
          "fullFile": "",
          "file": "",
          "beforeHooks": [],
          "afterHooks": [],
          "tests": [
            {
              "title": "Deve fazer checkout com sucesso ",
              "fullTitle": "Checkout Deve fazer checkout com sucesso ",
              "timedOut": null,
              "duration": 7254,
              "state": "passed",
              "speed": "medium",
              "pass": true,
              "fail": false,
              "pending": false,
              "context": null,
              "code": "cy.get('.woocommerce-message').should('contain', `${produtos[1].quantidade} × “Ingrid Running Jacket” foram adicionados no seu carrinho.`);",
              "err": {},
              "uuid": "19e1600e-73ea-4390-a9e6-e51893c4ce9f",
              "parentUUID": "51a2e438-ca59-4c08-b0e4-907c7f716798",
              "isHook": false,
              "skipped": false
            }
          ],
          "suites": [],
          "passes": [
            "19e1600e-73ea-4390-a9e6-e51893c4ce9f"
          ],
          "failures": [],
          "pending": [],
          "skipped": [],
          "duration": 7254,
          "root": false,
          "rootEmpty": false,
          "_timeout": 2000
        }
      ],
      "passes": [],
      "failures": [],
      "pending": [],
      "skipped": [],
      "duration": 0,
      "root": true,
      "rootEmpty": true,
      "_timeout": 2000
    }
  ],
  "meta": {
    "mocha": {
      "version": "7.0.1"
    },
    "mochawesome": {
      "options": {
        "quiet": false,
        "reportFilename": "mochawesome",
        "saveHtml": false,
        "saveJson": true,
        "consoleReporter": "spec",
        "useInlineDiffs": false,
        "code": true
      },
      "version": "7.1.3"
    },
    "marge": {
      "options": {
        "reportDir": "cypress/mochawesome-report",
        "overwrite": false,
        "html": false,
        "json": true
      },
      "version": "6.2.0"
    }
  }
}