{
  "stats": {
    "suites": 1,
    "tests": 1,
    "passes": 1,
    "pending": 0,
    "failures": 0,
    "start": "2023-07-06T14:01:38.929Z",
    "end": "2023-07-06T14:01:51.093Z",
    "duration": 12164,
    "testsRegistered": 1,
    "passPercent": 100,
    "pendingPercent": 0,
    "other": 0,
    "hasOther": false,
    "skipped": 0,
    "hasSkipped": false
  },
  "results": [
    {
      "uuid": "88b23dd5-bc1c-4944-818f-c3c196516eb5",
      "title": "",
      "fullFile": "cypress/e2e/cadastro.cy.js",
      "file": "cypress/e2e/cadastro.cy.js",
      "beforeHooks": [],
      "afterHooks": [],
      "tests": [],
      "suites": [
        {
          "uuid": "2775400b-1776-4c82-aeae-d6598548093d",
          "title": "Cadastro ",
          "fullFile": "",
          "file": "",
          "beforeHooks": [],
          "afterHooks": [],
          "tests": [
            {
              "title": "Deve realizar o cadastro, com validações dinamicas na EBAC-Shop ",
              "fullTitle": "Cadastro  Deve realizar o cadastro, com validações dinamicas na EBAC-Shop ",
              "timedOut": null,
              "duration": 12015,
              "state": "passed",
              "speed": "slow",
              "pass": true,
              "fail": false,
              "pending": false,
              "context": null,
              "code": "cy.fixture('dates').then(resp => {\n  resp.date.forEach(item => {\n    cadastroPage.register(item.email, item.password);\n  });\n});\nminhaContaPage.message.should('contain', 'A partir do painel de controle de sua conta');",
              "err": {},
              "uuid": "ace3a4e5-6506-4f98-ac58-0cfc994a468f",
              "parentUUID": "2775400b-1776-4c82-aeae-d6598548093d",
              "isHook": false,
              "skipped": false
            }
          ],
          "suites": [],
          "passes": [
            "ace3a4e5-6506-4f98-ac58-0cfc994a468f"
          ],
          "failures": [],
          "pending": [],
          "skipped": [],
          "duration": 12015,
          "root": false,
          "rootEmpty": false,
          "_timeout": 2000
        }
      ],
      "passes": [],
      "failures": [],
      "pending": [],
      "skipped": [],
      "duration": 0,
      "root": true,
      "rootEmpty": true,
      "_timeout": 2000
    }
  ],
  "meta": {
    "mocha": {
      "version": "7.0.1"
    },
    "mochawesome": {
      "options": {
        "quiet": false,
        "reportFilename": "mochawesome",
        "saveHtml": true,
        "saveJson": true,
        "consoleReporter": "spec",
        "useInlineDiffs": false,
        "code": true
      },
      "version": "7.1.3"
    },
    "marge": {
      "options": {
        "reportDir": "mochawesome-report",
        "reportFileName": "index.html",
        "overwrite": false,
        "html": true,
        "json": true
      },
      "version": "6.2.0"
    }
  }
}